src/build/app/intermediates/manifest_merge_blame_file/release/processReleaseMainManifest/manifest-merger-blame-release-report.txt
1<?xml version="1.0" encoding="utf-8"?>
2<manifest xmlns:android="http://schemas.android.com/apk/res/android"
3    package="com.example.eventk"
4    android:versionCode="1"
5    android:versionName="1.0.0" >
6
7    <uses-sdk
8        android:minSdkVersion="21"
9        android:targetSdkVersion="35" />
10
11    <uses-permission android:name="android.permission.ACCESS_FINE_LOCATION" />
11-->src\main\AndroidManifest.xml:2:1-74
11-->src\main\AndroidManifest.xml:2:18-72
12    <uses-permission android:name="android.permission.ACCESS_COARSE_LOCATION " />
12-->src\main\AndroidManifest.xml:3:1-77
12-->src\main\AndroidManifest.xml:3:18-75
13    <!--
14         Required to query activities that can process text, see:
15         https://developer.android.com/training/package-visibility and
16         https://developer.android.com/reference/android/content/Intent#ACTION_PROCESS_TEXT.
17
18         In particular, this is used by the Flutter engine in io.flutter.plugin.text.ProcessTextPlugin.
19    -->
20    <queries>
20-->src\main\AndroidManifest.xml:42:5-47:15
21        <intent>
21-->src\main\AndroidManifest.xml:43:9-46:18
22            <action android:name="android.intent.action.PROCESS_TEXT" />
22-->src\main\AndroidManifest.xml:44:13-72
22-->src\main\AndroidManifest.xml:44:21-70
23
24            <data android:mimeType="text/plain" />
24-->src\main\AndroidManifest.xml:45:13-50
24-->src\main\AndroidManifest.xml:45:19-48
25        </intent>
26    </queries>
27
28    <permission
28-->[androidx.core:core:1.16.0] AndroidManifest.xml:22:5-24:47
29        android:name="com.example.eventk.DYNAMIC_RECEIVER_NOT_EXPORTED_PERMISSION"
29-->[androidx.core:core:1.16.0] AndroidManifest.xml:23:9-81
30        android:protectionLevel="signature" />
30-->[androidx.core:core:1.16.0] AndroidManifest.xml:24:9-44
31
32    <uses-permission android:name="com.example.eventk.DYNAMIC_RECEIVER_NOT_EXPORTED_PERMISSION" />
32-->[androidx.core:core:1.16.0] AndroidManifest.xml:26:5-97
32-->[androidx.core:core:1.16.0] AndroidManifest.xml:26:22-94
33
34    <application
35        android:name="android.app.Application"
35-->src\main\AndroidManifest.xml:7:9-42
36        android:appComponentFactory="androidx.core.app.CoreComponentFactory"
36-->[androidx.core:core:1.16.0] AndroidManifest.xml:28:18-86
37        android:extractNativeLibs="true"
38        android:icon="@mipmap/launcher_icon"
38-->src\main\AndroidManifest.xml:8:9-45
39        android:label="eventk" >
39-->src\main\AndroidManifest.xml:6:9-31
40        <activity
40-->src\main\AndroidManifest.xml:9:9-30:20
41            android:name="com.example.eventk.MainActivity"
41-->src\main\AndroidManifest.xml:10:13-41
42            android:configChanges="orientation|keyboardHidden|keyboard|screenSize|smallestScreenSize|locale|layoutDirection|fontScale|screenLayout|density|uiMode"
42-->src\main\AndroidManifest.xml:15:13-163
43            android:exported="true"
43-->src\main\AndroidManifest.xml:11:13-36
44            android:hardwareAccelerated="true"
44-->src\main\AndroidManifest.xml:16:13-47
45            android:launchMode="singleTop"
45-->src\main\AndroidManifest.xml:12:13-43
46            android:taskAffinity=""
46-->src\main\AndroidManifest.xml:13:13-36
47            android:theme="@style/LaunchTheme"
47-->src\main\AndroidManifest.xml:14:13-47
48            android:windowSoftInputMode="adjustResize" >
48-->src\main\AndroidManifest.xml:17:13-55
49
50            <!--
51                 Specifies an Android theme to apply to this Activity as soon as
52                 the Android process has started. This theme is visible to the user
53                 while the Flutter UI initializes. After that, this theme continues
54                 to determine the Window background behind the Flutter UI.
55            -->
56            <meta-data
56-->src\main\AndroidManifest.xml:22:13-25:17
57                android:name="io.flutter.embedding.android.NormalTheme"
57-->src\main\AndroidManifest.xml:23:15-70
58                android:resource="@style/NormalTheme" />
58-->src\main\AndroidManifest.xml:24:15-52
59
60            <intent-filter>
60-->src\main\AndroidManifest.xml:26:13-29:29
61                <action android:name="android.intent.action.MAIN" />
61-->src\main\AndroidManifest.xml:27:17-68
61-->src\main\AndroidManifest.xml:27:25-66
62
63                <category android:name="android.intent.category.LAUNCHER" />
63-->src\main\AndroidManifest.xml:28:17-76
63-->src\main\AndroidManifest.xml:28:27-74
64            </intent-filter>
65        </activity>
66        <!--
67             Don't delete the meta-data below.
68             This is used by the Flutter tool to generate GeneratedPluginRegistrant.java
69        -->
70        <meta-data
70-->src\main\AndroidManifest.xml:33:9-35:33
71            android:name="flutterEmbedding"
71-->src\main\AndroidManifest.xml:34:13-44
72            android:value="2" />
72-->src\main\AndroidManifest.xml:35:13-30
73
74        <service
74-->[:geolocator_android] AndroidManifest.xml:8:9-12:56
75            android:name="com.baseflow.geolocator.GeolocatorLocationService"
75-->[:geolocator_android] AndroidManifest.xml:9:13-77
76            android:enabled="true"
76-->[:geolocator_android] AndroidManifest.xml:10:13-35
77            android:exported="false"
77-->[:geolocator_android] AndroidManifest.xml:11:13-37
78            android:foregroundServiceType="location" />
78-->[:geolocator_android] AndroidManifest.xml:12:13-53
79
80        <provider
80-->[:image_picker_android] AndroidManifest.xml:9:9-17:20
81            android:name="io.flutter.plugins.imagepicker.ImagePickerFileProvider"
81-->[:image_picker_android] AndroidManifest.xml:10:13-82
82            android:authorities="com.example.eventk.flutter.image_provider"
82-->[:image_picker_android] AndroidManifest.xml:11:13-74
83            android:exported="false"
83-->[:image_picker_android] AndroidManifest.xml:12:13-37
84            android:grantUriPermissions="true" >
84-->[:image_picker_android] AndroidManifest.xml:13:13-47
85            <meta-data
85-->[:image_picker_android] AndroidManifest.xml:14:13-16:75
86                android:name="android.support.FILE_PROVIDER_PATHS"
86-->[:image_picker_android] AndroidManifest.xml:15:17-67
87                android:resource="@xml/flutter_image_picker_file_paths" />
87-->[:image_picker_android] AndroidManifest.xml:16:17-72
88        </provider> <!-- Trigger Google Play services to install the backported photo picker module. -->
89        <service
89-->[:image_picker_android] AndroidManifest.xml:19:9-31:19
90            android:name="com.google.android.gms.metadata.ModuleDependencies"
90-->[:image_picker_android] AndroidManifest.xml:20:13-78
91            android:enabled="false"
91-->[:image_picker_android] AndroidManifest.xml:21:13-36
92            android:exported="false" >
92-->[:image_picker_android] AndroidManifest.xml:22:13-37
93            <intent-filter>
93-->[:image_picker_android] AndroidManifest.xml:24:13-26:29
94                <action android:name="com.google.android.gms.metadata.MODULE_DEPENDENCIES" />
94-->[:image_picker_android] AndroidManifest.xml:25:17-94
94-->[:image_picker_android] AndroidManifest.xml:25:25-91
95            </intent-filter>
96
97            <meta-data
97-->[:image_picker_android] AndroidManifest.xml:28:13-30:36
98                android:name="photopicker_activity:0:required"
98-->[:image_picker_android] AndroidManifest.xml:29:17-63
99                android:value="" />
99-->[:image_picker_android] AndroidManifest.xml:30:17-33
100        </service>
101
102        <provider
102-->[:open_file_android] AndroidManifest.xml:9:9-19:20
103            android:name="com.crazecoder.openfile.FileProvider"
103-->[:open_file_android] AndroidManifest.xml:10:13-64
104            android:authorities="com.example.eventk.fileProvider.com.crazecoder.openfile"
104-->[:open_file_android] AndroidManifest.xml:11:13-88
105            android:exported="false"
105-->[:open_file_android] AndroidManifest.xml:12:13-37
106            android:grantUriPermissions="true"
106-->[:open_file_android] AndroidManifest.xml:13:13-47
107            android:requestLegacyExternalStorage="true" >
107-->[:open_file_android] AndroidManifest.xml:14:13-56
108            <meta-data
108-->[:image_picker_android] AndroidManifest.xml:14:13-16:75
109                android:name="android.support.FILE_PROVIDER_PATHS"
109-->[:image_picker_android] AndroidManifest.xml:15:17-67
110                android:resource="@xml/filepaths" />
110-->[:image_picker_android] AndroidManifest.xml:16:17-72
111        </provider>
112        <provider
112-->[:printing] AndroidManifest.xml:8:9-16:20
113            android:name="net.nfet.flutter.printing.PrintFileProvider"
113-->[:printing] AndroidManifest.xml:9:13-71
114            android:authorities="com.example.eventk.flutter.printing"
114-->[:printing] AndroidManifest.xml:10:13-68
115            android:exported="false"
115-->[:printing] AndroidManifest.xml:11:13-37
116            android:grantUriPermissions="true" >
116-->[:printing] AndroidManifest.xml:12:13-47
117            <meta-data
117-->[:image_picker_android] AndroidManifest.xml:14:13-16:75
118                android:name="android.support.FILE_PROVIDER_PATHS"
118-->[:image_picker_android] AndroidManifest.xml:15:17-67
119                android:resource="@xml/flutter_printing_file_paths" />
119-->[:image_picker_android] AndroidManifest.xml:16:17-72
120        </provider>
121
122        <activity
122-->[:url_launcher_android] AndroidManifest.xml:8:9-11:74
123            android:name="io.flutter.plugins.urllauncher.WebViewActivity"
123-->[:url_launcher_android] AndroidManifest.xml:9:13-74
124            android:exported="false"
124-->[:url_launcher_android] AndroidManifest.xml:10:13-37
125            android:theme="@android:style/Theme.NoTitleBar.Fullscreen" />
125-->[:url_launcher_android] AndroidManifest.xml:11:13-71
126        <activity
126-->[com.google.android.gms:play-services-base:18.3.0] AndroidManifest.xml:20:9-22:45
127            android:name="com.google.android.gms.common.api.GoogleApiActivity"
127-->[com.google.android.gms:play-services-base:18.3.0] AndroidManifest.xml:20:19-85
128            android:exported="false"
128-->[com.google.android.gms:play-services-base:18.3.0] AndroidManifest.xml:22:19-43
129            android:theme="@android:style/Theme.Translucent.NoTitleBar" />
129-->[com.google.android.gms:play-services-base:18.3.0] AndroidManifest.xml:21:19-78
130
131        <meta-data
131-->[com.google.android.gms:play-services-basement:18.3.0] AndroidManifest.xml:21:9-23:69
132            android:name="com.google.android.gms.version"
132-->[com.google.android.gms:play-services-basement:18.3.0] AndroidManifest.xml:22:13-58
133            android:value="@integer/google_play_services_version" />
133-->[com.google.android.gms:play-services-basement:18.3.0] AndroidManifest.xml:23:13-66
134
135        <uses-library
135-->[androidx.window:window:1.2.0] AndroidManifest.xml:23:9-25:40
136            android:name="androidx.window.extensions"
136-->[androidx.window:window:1.2.0] AndroidManifest.xml:24:13-54
137            android:required="false" />
137-->[androidx.window:window:1.2.0] AndroidManifest.xml:25:13-37
138        <uses-library
138-->[androidx.window:window:1.2.0] AndroidManifest.xml:26:9-28:40
139            android:name="androidx.window.sidecar"
139-->[androidx.window:window:1.2.0] AndroidManifest.xml:27:13-51
140            android:required="false" />
140-->[androidx.window:window:1.2.0] AndroidManifest.xml:28:13-37
141
142        <provider
142-->[androidx.emoji2:emoji2:1.2.0] AndroidManifest.xml:24:9-32:20
143            android:name="androidx.startup.InitializationProvider"
143-->[androidx.emoji2:emoji2:1.2.0] AndroidManifest.xml:25:13-67
144            android:authorities="com.example.eventk.androidx-startup"
144-->[androidx.emoji2:emoji2:1.2.0] AndroidManifest.xml:26:13-68
145            android:exported="false" >
145-->[androidx.emoji2:emoji2:1.2.0] AndroidManifest.xml:27:13-37
146            <meta-data
146-->[androidx.emoji2:emoji2:1.2.0] AndroidManifest.xml:29:13-31:52
147                android:name="androidx.emoji2.text.EmojiCompatInitializer"
147-->[androidx.emoji2:emoji2:1.2.0] AndroidManifest.xml:30:17-75
148                android:value="androidx.startup" />
148-->[androidx.emoji2:emoji2:1.2.0] AndroidManifest.xml:31:17-49
149            <meta-data
149-->[androidx.lifecycle:lifecycle-process:2.7.0] AndroidManifest.xml:29:13-31:52
150                android:name="androidx.lifecycle.ProcessLifecycleInitializer"
150-->[androidx.lifecycle:lifecycle-process:2.7.0] AndroidManifest.xml:30:17-78
151                android:value="androidx.startup" />
151-->[androidx.lifecycle:lifecycle-process:2.7.0] AndroidManifest.xml:31:17-49
152            <meta-data
152-->[androidx.profileinstaller:profileinstaller:1.3.1] AndroidManifest.xml:29:13-31:52
153                android:name="androidx.profileinstaller.ProfileInstallerInitializer"
153-->[androidx.profileinstaller:profileinstaller:1.3.1] AndroidManifest.xml:30:17-85
154                android:value="androidx.startup" />
154-->[androidx.profileinstaller:profileinstaller:1.3.1] AndroidManifest.xml:31:17-49
155        </provider>
156
157        <receiver
157-->[androidx.profileinstaller:profileinstaller:1.3.1] AndroidManifest.xml:34:9-52:20
158            android:name="androidx.profileinstaller.ProfileInstallReceiver"
158-->[androidx.profileinstaller:profileinstaller:1.3.1] AndroidManifest.xml:35:13-76
159            android:directBootAware="false"
159-->[androidx.profileinstaller:profileinstaller:1.3.1] AndroidManifest.xml:36:13-44
160            android:enabled="true"
160-->[androidx.profileinstaller:profileinstaller:1.3.1] AndroidManifest.xml:37:13-35
161            android:exported="true"
161-->[androidx.profileinstaller:profileinstaller:1.3.1] AndroidManifest.xml:38:13-36
162            android:permission="android.permission.DUMP" >
162-->[androidx.profileinstaller:profileinstaller:1.3.1] AndroidManifest.xml:39:13-57
163            <intent-filter>
163-->[androidx.profileinstaller:profileinstaller:1.3.1] AndroidManifest.xml:40:13-42:29
164                <action android:name="androidx.profileinstaller.action.INSTALL_PROFILE" />
164-->[androidx.profileinstaller:profileinstaller:1.3.1] AndroidManifest.xml:41:17-91
164-->[androidx.profileinstaller:profileinstaller:1.3.1] AndroidManifest.xml:41:25-88
165            </intent-filter>
166            <intent-filter>
166-->[androidx.profileinstaller:profileinstaller:1.3.1] AndroidManifest.xml:43:13-45:29
167                <action android:name="androidx.profileinstaller.action.SKIP_FILE" />
167-->[androidx.profileinstaller:profileinstaller:1.3.1] AndroidManifest.xml:44:17-85
167-->[androidx.profileinstaller:profileinstaller:1.3.1] AndroidManifest.xml:44:25-82
168            </intent-filter>
169            <intent-filter>
169-->[androidx.profileinstaller:profileinstaller:1.3.1] AndroidManifest.xml:46:13-48:29
170                <action android:name="androidx.profileinstaller.action.SAVE_PROFILE" />
170-->[androidx.profileinstaller:profileinstaller:1.3.1] AndroidManifest.xml:47:17-88
170-->[androidx.profileinstaller:profileinstaller:1.3.1] AndroidManifest.xml:47:25-85
171            </intent-filter>
172            <intent-filter>
172-->[androidx.profileinstaller:profileinstaller:1.3.1] AndroidManifest.xml:49:13-51:29
173                <action android:name="androidx.profileinstaller.action.BENCHMARK_OPERATION" />
173-->[androidx.profileinstaller:profileinstaller:1.3.1] AndroidManifest.xml:50:17-95
173-->[androidx.profileinstaller:profileinstaller:1.3.1] AndroidManifest.xml:50:25-92
174            </intent-filter>
175        </receiver>
176    </application>
177
178</manifest>